<?xml version="1.0" encoding="UTF-8"?>
<!-- Generated by org.testng.reporters.JUnitXMLReporter -->
<testsuite hostname="Acer-Laptop" name="ValidatingUserLogin" tests="3" failures="0" timestamp="29 Jan 2020 02:03:20 GMT" time="23.055" errors="0">
  <testcase name="BasePageNavigation" time="8.49" classname="test.Home"/>
  <testcase name="BasePageNavigation" time="4.661" classname="test.Home"/>
  <testcase name="BasePageNavigation" time="4.32" classname="test.Home"/>
</testsuite> <!-- ValidatingUserLogin -->
